================================================================== test session starts ===================================================================
platform darwin -- Python 3.11.5, pytest-7.4.3, pluggy-1.3.0
rootdir: /Users/yoshihironakagawasai/projects/python/app/src
plugins: mock-3.12.0
collected 7 items                                                                                                                                        

test_functions.py ......                                                                                                                           [ 85%]
test_main.py .                                                                                                                                     [100%]

=================================================================== 7 passed in 0.03s ====================================================================